#20140720112838UHXdzc:
exception 'ErrorException' with message 'Division by zero' in C:\XAMPP55\htdocs\FaEnLi\app\config\hook.php:25
Stack trace:
#0 C:\XAMPP55\htdocs\FaEnLi\app\config\hook.php(25): DMS\Tornado\Error->handlerError(2, 'Division by zer...', 'C:\\XAMPP55\\htdo...', 25, Array)
#1 [internal function]: {closure}()
#2 C:\XAMPP55\htdocs\FaEnLi\app\core\hook.php(54): call_user_func(Object(Closure))
#3 C:\XAMPP55\htdocs\FaEnLi\app\core\tornado.php(341): DMS\Tornado\Hook->call('404')
#4 C:\XAMPP55\htdocs\FaEnLi\app\core\tornado.php(309): DMS\Tornado\Tornado->callModule('logindfdsf', 'logindfdsf', 'index', Array)
#5 C:\XAMPP55\htdocs\FaEnLi\app\core\tornado.php(113): DMS\Tornado\Tornado->_parseURL()
#6 C:\XAMPP55\htdocs\FaEnLi\index.php(52): DMS\Tornado\Tornado->run()
#7 {main}

#20140720112840VI9yQB:
exception 'ErrorException' with message 'Division by zero' in C:\XAMPP55\htdocs\FaEnLi\app\config\hook.php:25
Stack trace:
#0 C:\XAMPP55\htdocs\FaEnLi\app\config\hook.php(25): DMS\Tornado\Error->handlerError(2, 'Division by zer...', 'C:\\XAMPP55\\htdo...', 25, Array)
#1 [internal function]: {closure}()
#2 C:\XAMPP55\htdocs\FaEnLi\app\core\hook.php(54): call_user_func(Object(Closure))
#3 C:\XAMPP55\htdocs\FaEnLi\app\core\tornado.php(341): DMS\Tornado\Hook->call('404')
#4 C:\XAMPP55\htdocs\FaEnLi\app\core\tornado.php(309): DMS\Tornado\Tornado->callModule('logindfdsf', 'logindfdsf', 'index', Array)
#5 C:\XAMPP55\htdocs\FaEnLi\app\core\tornado.php(113): DMS\Tornado\Tornado->_parseURL()
#6 C:\XAMPP55\htdocs\FaEnLi\index.php(52): DMS\Tornado\Tornado->run()
#7 {main}

#20140720112917Ger8h_:
exception 'ErrorException' with message 'Division by zero' in C:\XAMPP55\htdocs\FaEnLi\app\config\hook.php:25
Stack trace:
#0 C:\XAMPP55\htdocs\FaEnLi\app\config\hook.php(25): DMS\Tornado\Error->handlerError(2, 'Division by zer...', 'C:\\XAMPP55\\htdo...', 25, Array)
#1 [internal function]: {closure}()
#2 C:\XAMPP55\htdocs\FaEnLi\app\core\hook.php(54): call_user_func(Object(Closure))
#3 C:\XAMPP55\htdocs\FaEnLi\app\core\tornado.php(341): DMS\Tornado\Hook->call('404')
#4 C:\XAMPP55\htdocs\FaEnLi\app\core\tornado.php(309): DMS\Tornado\Tornado->callModule('logindfdsf', 'logindfdsf', 'index', Array)
#5 C:\XAMPP55\htdocs\FaEnLi\app\core\tornado.php(113): DMS\Tornado\Tornado->_parseURL()
#6 C:\XAMPP55\htdocs\FaEnLi\index.php(52): DMS\Tornado\Tornado->run()
#7 {main}

#20140720112918VDhORe:
exception 'ErrorException' with message 'Division by zero' in C:\XAMPP55\htdocs\FaEnLi\app\config\hook.php:25
Stack trace:
#0 C:\XAMPP55\htdocs\FaEnLi\app\config\hook.php(25): DMS\Tornado\Error->handlerError(2, 'Division by zer...', 'C:\\XAMPP55\\htdo...', 25, Array)
#1 [internal function]: {closure}()
#2 C:\XAMPP55\htdocs\FaEnLi\app\core\hook.php(54): call_user_func(Object(Closure))
#3 C:\XAMPP55\htdocs\FaEnLi\app\core\tornado.php(341): DMS\Tornado\Hook->call('404')
#4 C:\XAMPP55\htdocs\FaEnLi\app\core\tornado.php(309): DMS\Tornado\Tornado->callModule('logindfdsf', 'logindfdsf', 'index', Array)
#5 C:\XAMPP55\htdocs\FaEnLi\app\core\tornado.php(113): DMS\Tornado\Tornado->_parseURL()
#6 C:\XAMPP55\htdocs\FaEnLi\index.php(52): DMS\Tornado\Tornado->run()
#7 {main}

#20140720112926DEdFv8:
exception 'ErrorException' with message 'Division by zero' in C:\XAMPP55\htdocs\FaEnLi\app\config\hook.php:25
Stack trace:
#0 C:\XAMPP55\htdocs\FaEnLi\app\config\hook.php(25): DMS\Tornado\Error->handlerError(2, 'Division by zer...', 'C:\\XAMPP55\\htdo...', 25, Array)
#1 [internal function]: {closure}()
#2 C:\XAMPP55\htdocs\FaEnLi\app\core\hook.php(54): call_user_func(Object(Closure))
#3 C:\XAMPP55\htdocs\FaEnLi\app\core\tornado.php(341): DMS\Tornado\Hook->call('404')
#4 C:\XAMPP55\htdocs\FaEnLi\app\core\tornado.php(309): DMS\Tornado\Tornado->callModule('logindfdsf', 'logindfdsf', 'index', Array)
#5 C:\XAMPP55\htdocs\FaEnLi\app\core\tornado.php(113): DMS\Tornado\Tornado->_parseURL()
#6 C:\XAMPP55\htdocs\FaEnLi\index.php(52): DMS\Tornado\Tornado->run()
#7 {main}

#20140720112927RTWCAs:
exception 'ErrorException' with message 'Division by zero' in C:\XAMPP55\htdocs\FaEnLi\app\config\hook.php:25
Stack trace:
#0 C:\XAMPP55\htdocs\FaEnLi\app\config\hook.php(25): DMS\Tornado\Error->handlerError(2, 'Division by zer...', 'C:\\XAMPP55\\htdo...', 25, Array)
#1 [internal function]: {closure}()
#2 C:\XAMPP55\htdocs\FaEnLi\app\core\hook.php(54): call_user_func(Object(Closure))
#3 C:\XAMPP55\htdocs\FaEnLi\app\core\tornado.php(341): DMS\Tornado\Hook->call('404')
#4 C:\XAMPP55\htdocs\FaEnLi\app\core\tornado.php(309): DMS\Tornado\Tornado->callModule('logindfdsf', 'logindfdsf', 'index', Array)
#5 C:\XAMPP55\htdocs\FaEnLi\app\core\tornado.php(113): DMS\Tornado\Tornado->_parseURL()
#6 C:\XAMPP55\htdocs\FaEnLi\index.php(52): DMS\Tornado\Tornado->run()
#7 {main}

#201407201129270EUHwB:
exception 'ErrorException' with message 'Division by zero' in C:\XAMPP55\htdocs\FaEnLi\app\config\hook.php:25
Stack trace:
#0 C:\XAMPP55\htdocs\FaEnLi\app\config\hook.php(25): DMS\Tornado\Error->handlerError(2, 'Division by zer...', 'C:\\XAMPP55\\htdo...', 25, Array)
#1 [internal function]: {closure}()
#2 C:\XAMPP55\htdocs\FaEnLi\app\core\hook.php(54): call_user_func(Object(Closure))
#3 C:\XAMPP55\htdocs\FaEnLi\app\core\tornado.php(341): DMS\Tornado\Hook->call('404')
#4 C:\XAMPP55\htdocs\FaEnLi\app\core\tornado.php(309): DMS\Tornado\Tornado->callModule('logindfdsf', 'logindfdsf', 'index', Array)
#5 C:\XAMPP55\htdocs\FaEnLi\app\core\tornado.php(113): DMS\Tornado\Tornado->_parseURL()
#6 C:\XAMPP55\htdocs\FaEnLi\index.php(52): DMS\Tornado\Tornado->run()
#7 {main}

#201407201129362EhUsG:
exception 'ErrorException' with message 'Division by zero' in C:\XAMPP55\htdocs\FaEnLi\app\config\hook.php:25
Stack trace:
#0 C:\XAMPP55\htdocs\FaEnLi\app\config\hook.php(25): DMS\Tornado\Error->handlerError(2, 'Division by zer...', 'C:\\XAMPP55\\htdo...', 25, Array)
#1 [internal function]: {closure}()
#2 C:\XAMPP55\htdocs\FaEnLi\app\core\hook.php(54): call_user_func(Object(Closure))
#3 C:\XAMPP55\htdocs\FaEnLi\app\core\tornado.php(341): DMS\Tornado\Hook->call('404')
#4 C:\XAMPP55\htdocs\FaEnLi\app\core\tornado.php(309): DMS\Tornado\Tornado->callModule('logindfdsf', 'logindfdsf', 'index', Array)
#5 C:\XAMPP55\htdocs\FaEnLi\app\core\tornado.php(113): DMS\Tornado\Tornado->_parseURL()
#6 C:\XAMPP55\htdocs\FaEnLi\index.php(52): DMS\Tornado\Tornado->run()
#7 {main}

#20140720112940whbeQ9:
exception 'ErrorException' with message 'Division by zero' in C:\XAMPP55\htdocs\FaEnLi\app\config\hook.php:25
Stack trace:
#0 C:\XAMPP55\htdocs\FaEnLi\app\config\hook.php(25): DMS\Tornado\Error->handlerError(2, 'Division by zer...', 'C:\\XAMPP55\\htdo...', 25, Array)
#1 [internal function]: {closure}()
#2 C:\XAMPP55\htdocs\FaEnLi\app\core\hook.php(54): call_user_func(Object(Closure))
#3 C:\XAMPP55\htdocs\FaEnLi\app\core\tornado.php(341): DMS\Tornado\Hook->call('404')
#4 C:\XAMPP55\htdocs\FaEnLi\app\core\tornado.php(309): DMS\Tornado\Tornado->callModule('logindfdsf', 'logindfdsf', 'index', Array)
#5 C:\XAMPP55\htdocs\FaEnLi\app\core\tornado.php(113): DMS\Tornado\Tornado->_parseURL()
#6 C:\XAMPP55\htdocs\FaEnLi\index.php(52): DMS\Tornado\Tornado->run()
#7 {main}

#20140720112941S8FtzP:
exception 'ErrorException' with message 'Division by zero' in C:\XAMPP55\htdocs\FaEnLi\app\config\hook.php:25
Stack trace:
#0 C:\XAMPP55\htdocs\FaEnLi\app\config\hook.php(25): DMS\Tornado\Error->handlerError(2, 'Division by zer...', 'C:\\XAMPP55\\htdo...', 25, Array)
#1 [internal function]: {closure}()
#2 C:\XAMPP55\htdocs\FaEnLi\app\core\hook.php(54): call_user_func(Object(Closure))
#3 C:\XAMPP55\htdocs\FaEnLi\app\core\tornado.php(341): DMS\Tornado\Hook->call('404')
#4 C:\XAMPP55\htdocs\FaEnLi\app\core\tornado.php(309): DMS\Tornado\Tornado->callModule('logindfdsf', 'logindfdsf', 'index', Array)
#5 C:\XAMPP55\htdocs\FaEnLi\app\core\tornado.php(113): DMS\Tornado\Tornado->_parseURL()
#6 C:\XAMPP55\htdocs\FaEnLi\index.php(52): DMS\Tornado\Tornado->run()
#7 {main}

#20140720112945H12opS:
exception 'ErrorException' with message 'Division by zero' in C:\XAMPP55\htdocs\FaEnLi\app\config\hook.php:25
Stack trace:
#0 C:\XAMPP55\htdocs\FaEnLi\app\config\hook.php(25): DMS\Tornado\Error->handlerError(2, 'Division by zer...', 'C:\\XAMPP55\\htdo...', 25, Array)
#1 [internal function]: {closure}()
#2 C:\XAMPP55\htdocs\FaEnLi\app\core\hook.php(54): call_user_func(Object(Closure))
#3 C:\XAMPP55\htdocs\FaEnLi\app\core\tornado.php(341): DMS\Tornado\Hook->call('404')
#4 C:\XAMPP55\htdocs\FaEnLi\app\core\tornado.php(309): DMS\Tornado\Tornado->callModule('logindfdsf', 'logindfdsf', 'index', Array)
#5 C:\XAMPP55\htdocs\FaEnLi\app\core\tornado.php(113): DMS\Tornado\Tornado->_parseURL()
#6 C:\XAMPP55\htdocs\FaEnLi\index.php(52): DMS\Tornado\Tornado->run()
#7 {main}

#20140720113041--si16:
exception 'ErrorException' with message 'Division by zero' in C:\XAMPP55\htdocs\FaEnLi\app\config\hook.php:25
Stack trace:
#0 C:\XAMPP55\htdocs\FaEnLi\app\config\hook.php(25): DMS\Tornado\Error->handlerError(2, 'Division by zer...', 'C:\\XAMPP55\\htdo...', 25, Array)
#1 [internal function]: {closure}()
#2 C:\XAMPP55\htdocs\FaEnLi\app\core\hook.php(54): call_user_func(Object(Closure))
#3 C:\XAMPP55\htdocs\FaEnLi\app\core\tornado.php(341): DMS\Tornado\Hook->call('404')
#4 C:\XAMPP55\htdocs\FaEnLi\app\core\tornado.php(309): DMS\Tornado\Tornado->callModule('logindfdsf', 'logindfdsf', 'index', Array)
#5 C:\XAMPP55\htdocs\FaEnLi\app\core\tornado.php(113): DMS\Tornado\Tornado->_parseURL()
#6 C:\XAMPP55\htdocs\FaEnLi\index.php(52): DMS\Tornado\Tornado->run()
#7 {main}

#20140720113050OthDQo:
exception 'ErrorException' with message 'Division by zero' in C:\XAMPP55\htdocs\FaEnLi\app\config\hook.php:25
Stack trace:
#0 C:\XAMPP55\htdocs\FaEnLi\app\config\hook.php(25): DMS\Tornado\Error->handlerError(2, 'Division by zer...', 'C:\\XAMPP55\\htdo...', 25, Array)
#1 [internal function]: {closure}()
#2 C:\XAMPP55\htdocs\FaEnLi\app\core\hook.php(54): call_user_func(Object(Closure))
#3 C:\XAMPP55\htdocs\FaEnLi\app\core\tornado.php(341): DMS\Tornado\Hook->call('404')
#4 C:\XAMPP55\htdocs\FaEnLi\app\core\tornado.php(309): DMS\Tornado\Tornado->callModule('logindfdsf', 'logindfdsf', 'index', Array)
#5 C:\XAMPP55\htdocs\FaEnLi\app\core\tornado.php(113): DMS\Tornado\Tornado->_parseURL()
#6 C:\XAMPP55\htdocs\FaEnLi\index.php(52): DMS\Tornado\Tornado->run()
#7 {main}

#2014072011305107rr05:
exception 'ErrorException' with message 'Division by zero' in C:\XAMPP55\htdocs\FaEnLi\app\config\hook.php:25
Stack trace:
#0 C:\XAMPP55\htdocs\FaEnLi\app\config\hook.php(25): DMS\Tornado\Error->handlerError(2, 'Division by zer...', 'C:\\XAMPP55\\htdo...', 25, Array)
#1 [internal function]: {closure}()
#2 C:\XAMPP55\htdocs\FaEnLi\app\core\hook.php(54): call_user_func(Object(Closure))
#3 C:\XAMPP55\htdocs\FaEnLi\app\core\tornado.php(341): DMS\Tornado\Hook->call('404')
#4 C:\XAMPP55\htdocs\FaEnLi\app\core\tornado.php(309): DMS\Tornado\Tornado->callModule('logindfdsf', 'logindfdsf', 'index', Array)
#5 C:\XAMPP55\htdocs\FaEnLi\app\core\tornado.php(113): DMS\Tornado\Tornado->_parseURL()
#6 C:\XAMPP55\htdocs\FaEnLi\index.php(52): DMS\Tornado\Tornado->run()
#7 {main}

#20140720113052ZdwAut:
exception 'ErrorException' with message 'Division by zero' in C:\XAMPP55\htdocs\FaEnLi\app\config\hook.php:25
Stack trace:
#0 C:\XAMPP55\htdocs\FaEnLi\app\config\hook.php(25): DMS\Tornado\Error->handlerError(2, 'Division by zer...', 'C:\\XAMPP55\\htdo...', 25, Array)
#1 [internal function]: {closure}()
#2 C:\XAMPP55\htdocs\FaEnLi\app\core\hook.php(54): call_user_func(Object(Closure))
#3 C:\XAMPP55\htdocs\FaEnLi\app\core\tornado.php(341): DMS\Tornado\Hook->call('404')
#4 C:\XAMPP55\htdocs\FaEnLi\app\core\tornado.php(309): DMS\Tornado\Tornado->callModule('logindfdsf', 'logindfdsf', 'index', Array)
#5 C:\XAMPP55\htdocs\FaEnLi\app\core\tornado.php(113): DMS\Tornado\Tornado->_parseURL()
#6 C:\XAMPP55\htdocs\FaEnLi\index.php(52): DMS\Tornado\Tornado->run()
#7 {main}

#20140720113057DaIFED:
exception 'ErrorException' with message 'Division by zero' in C:\XAMPP55\htdocs\FaEnLi\app\config\hook.php:25
Stack trace:
#0 C:\XAMPP55\htdocs\FaEnLi\app\config\hook.php(25): DMS\Tornado\Error->handlerError(2, 'Division by zer...', 'C:\\XAMPP55\\htdo...', 25, Array)
#1 [internal function]: {closure}()
#2 C:\XAMPP55\htdocs\FaEnLi\app\core\hook.php(54): call_user_func(Object(Closure))
#3 C:\XAMPP55\htdocs\FaEnLi\app\core\tornado.php(341): DMS\Tornado\Hook->call('404')
#4 C:\XAMPP55\htdocs\FaEnLi\app\core\tornado.php(309): DMS\Tornado\Tornado->callModule('logindfdsf', 'logindfdsf', 'index', Array)
#5 C:\XAMPP55\htdocs\FaEnLi\app\core\tornado.php(113): DMS\Tornado\Tornado->_parseURL()
#6 C:\XAMPP55\htdocs\FaEnLi\index.php(52): DMS\Tornado\Tornado->run()
#7 {main}

#201407201130587XEFyq:
exception 'ErrorException' with message 'Division by zero' in C:\XAMPP55\htdocs\FaEnLi\app\config\hook.php:25
Stack trace:
#0 C:\XAMPP55\htdocs\FaEnLi\app\config\hook.php(25): DMS\Tornado\Error->handlerError(2, 'Division by zer...', 'C:\\XAMPP55\\htdo...', 25, Array)
#1 [internal function]: {closure}()
#2 C:\XAMPP55\htdocs\FaEnLi\app\core\hook.php(54): call_user_func(Object(Closure))
#3 C:\XAMPP55\htdocs\FaEnLi\app\core\tornado.php(341): DMS\Tornado\Hook->call('404')
#4 C:\XAMPP55\htdocs\FaEnLi\app\core\tornado.php(309): DMS\Tornado\Tornado->callModule('logindfdsf', 'logindfdsf', 'index', Array)
#5 C:\XAMPP55\htdocs\FaEnLi\app\core\tornado.php(113): DMS\Tornado\Tornado->_parseURL()
#6 C:\XAMPP55\htdocs\FaEnLi\index.php(52): DMS\Tornado\Tornado->run()
#7 {main}

#20140720113059zowv-t:
exception 'ErrorException' with message 'Division by zero' in C:\XAMPP55\htdocs\FaEnLi\app\config\hook.php:25
Stack trace:
#0 C:\XAMPP55\htdocs\FaEnLi\app\config\hook.php(25): DMS\Tornado\Error->handlerError(2, 'Division by zer...', 'C:\\XAMPP55\\htdo...', 25, Array)
#1 [internal function]: {closure}()
#2 C:\XAMPP55\htdocs\FaEnLi\app\core\hook.php(54): call_user_func(Object(Closure))
#3 C:\XAMPP55\htdocs\FaEnLi\app\core\tornado.php(341): DMS\Tornado\Hook->call('404')
#4 C:\XAMPP55\htdocs\FaEnLi\app\core\tornado.php(309): DMS\Tornado\Tornado->callModule('logindfdsf', 'logindfdsf', 'index', Array)
#5 C:\XAMPP55\htdocs\FaEnLi\app\core\tornado.php(113): DMS\Tornado\Tornado->_parseURL()
#6 C:\XAMPP55\htdocs\FaEnLi\index.php(52): DMS\Tornado\Tornado->run()
#7 {main}

#20140720113059sBT5Qb:
exception 'ErrorException' with message 'Division by zero' in C:\XAMPP55\htdocs\FaEnLi\app\config\hook.php:25
Stack trace:
#0 C:\XAMPP55\htdocs\FaEnLi\app\config\hook.php(25): DMS\Tornado\Error->handlerError(2, 'Division by zer...', 'C:\\XAMPP55\\htdo...', 25, Array)
#1 [internal function]: {closure}()
#2 C:\XAMPP55\htdocs\FaEnLi\app\core\hook.php(54): call_user_func(Object(Closure))
#3 C:\XAMPP55\htdocs\FaEnLi\app\core\tornado.php(341): DMS\Tornado\Hook->call('404')
#4 C:\XAMPP55\htdocs\FaEnLi\app\core\tornado.php(309): DMS\Tornado\Tornado->callModule('logindfdsf', 'logindfdsf', 'index', Array)
#5 C:\XAMPP55\htdocs\FaEnLi\app\core\tornado.php(113): DMS\Tornado\Tornado->_parseURL()
#6 C:\XAMPP55\htdocs\FaEnLi\index.php(52): DMS\Tornado\Tornado->run()
#7 {main}

#20140720113101yida_d:
exception 'ErrorException' with message 'Division by zero' in C:\XAMPP55\htdocs\FaEnLi\app\config\hook.php:25
Stack trace:
#0 C:\XAMPP55\htdocs\FaEnLi\app\config\hook.php(25): DMS\Tornado\Error->handlerError(2, 'Division by zer...', 'C:\\XAMPP55\\htdo...', 25, Array)
#1 [internal function]: {closure}()
#2 C:\XAMPP55\htdocs\FaEnLi\app\core\hook.php(54): call_user_func(Object(Closure))
#3 C:\XAMPP55\htdocs\FaEnLi\app\core\tornado.php(341): DMS\Tornado\Hook->call('404')
#4 C:\XAMPP55\htdocs\FaEnLi\app\core\tornado.php(309): DMS\Tornado\Tornado->callModule('logindfdsf', 'logindfdsf', 'index', Array)
#5 C:\XAMPP55\htdocs\FaEnLi\app\core\tornado.php(113): DMS\Tornado\Tornado->_parseURL()
#6 C:\XAMPP55\htdocs\FaEnLi\index.php(52): DMS\Tornado\Tornado->run()
#7 {main}

#20140720113103YWE2B5:
exception 'ErrorException' with message 'Division by zero' in C:\XAMPP55\htdocs\FaEnLi\app\config\hook.php:25
Stack trace:
#0 C:\XAMPP55\htdocs\FaEnLi\app\config\hook.php(25): DMS\Tornado\Error->handlerError(2, 'Division by zer...', 'C:\\XAMPP55\\htdo...', 25, Array)
#1 [internal function]: {closure}()
#2 C:\XAMPP55\htdocs\FaEnLi\app\core\hook.php(54): call_user_func(Object(Closure))
#3 C:\XAMPP55\htdocs\FaEnLi\app\core\tornado.php(341): DMS\Tornado\Hook->call('404')
#4 C:\XAMPP55\htdocs\FaEnLi\app\core\tornado.php(309): DMS\Tornado\Tornado->callModule('logindfdsf', 'logindfdsf', 'index', Array)
#5 C:\XAMPP55\htdocs\FaEnLi\app\core\tornado.php(113): DMS\Tornado\Tornado->_parseURL()
#6 C:\XAMPP55\htdocs\FaEnLi\index.php(52): DMS\Tornado\Tornado->run()
#7 {main}

#201407201131031-IUtR:
exception 'ErrorException' with message 'Division by zero' in C:\XAMPP55\htdocs\FaEnLi\app\config\hook.php:25
Stack trace:
#0 C:\XAMPP55\htdocs\FaEnLi\app\config\hook.php(25): DMS\Tornado\Error->handlerError(2, 'Division by zer...', 'C:\\XAMPP55\\htdo...', 25, Array)
#1 [internal function]: {closure}()
#2 C:\XAMPP55\htdocs\FaEnLi\app\core\hook.php(54): call_user_func(Object(Closure))
#3 C:\XAMPP55\htdocs\FaEnLi\app\core\tornado.php(341): DMS\Tornado\Hook->call('404')
#4 C:\XAMPP55\htdocs\FaEnLi\app\core\tornado.php(309): DMS\Tornado\Tornado->callModule('logindfdsf', 'logindfdsf', 'index', Array)
#5 C:\XAMPP55\htdocs\FaEnLi\app\core\tornado.php(113): DMS\Tornado\Tornado->_parseURL()
#6 C:\XAMPP55\htdocs\FaEnLi\index.php(52): DMS\Tornado\Tornado->run()
#7 {main}

#20140720113104H4TEsw:
exception 'ErrorException' with message 'Division by zero' in C:\XAMPP55\htdocs\FaEnLi\app\config\hook.php:25
Stack trace:
#0 C:\XAMPP55\htdocs\FaEnLi\app\config\hook.php(25): DMS\Tornado\Error->handlerError(2, 'Division by zer...', 'C:\\XAMPP55\\htdo...', 25, Array)
#1 [internal function]: {closure}()
#2 C:\XAMPP55\htdocs\FaEnLi\app\core\hook.php(54): call_user_func(Object(Closure))
#3 C:\XAMPP55\htdocs\FaEnLi\app\core\tornado.php(341): DMS\Tornado\Hook->call('404')
#4 C:\XAMPP55\htdocs\FaEnLi\app\core\tornado.php(309): DMS\Tornado\Tornado->callModule('logindfdsf', 'logindfdsf', 'index', Array)
#5 C:\XAMPP55\htdocs\FaEnLi\app\core\tornado.php(113): DMS\Tornado\Tornado->_parseURL()
#6 C:\XAMPP55\htdocs\FaEnLi\index.php(52): DMS\Tornado\Tornado->run()
#7 {main}

